<?xml version="1.0" encoding="UTF-8"?>
<testng-results skipped="0" failed="0" ignored="0" total="1" passed="1">
  <reporter-output>
  </reporter-output>
  <suite name="Default suite" duration-ms="9131" started-at="2020-10-21T11:19:46 IST" finished-at="2020-10-21T11:19:56 IST">
    <groups>
    </groups>
    <test name="Default test" duration-ms="9131" started-at="2020-10-21T11:19:46 IST" finished-at="2020-10-21T11:19:56 IST">
      <class name="AngularApps.AngularApps.CalTest">
        <test-method status="PASS" signature="setup()[pri:0, instance:AngularApps.AngularApps.CalTest@23faf8f2]" name="setup" is-config="true" duration-ms="6587" started-at="2020-10-21T11:19:46 IST" finished-at="2020-10-21T11:19:53 IST">
          <reporter-output>
          </reporter-output>
        </test-method> <!-- setup -->
        <test-method status="PASS" signature="sumTest()[pri:1, instance:AngularApps.AngularApps.CalTest@23faf8f2]" name="sumTest" duration-ms="2482" started-at="2020-10-21T11:19:53 IST" finished-at="2020-10-21T11:19:56 IST">
          <reporter-output>
          </reporter-output>
        </test-method> <!-- sumTest -->
      </class> <!-- AngularApps.AngularApps.CalTest -->
    </test> <!-- Default test -->
  </suite> <!-- Default suite -->
</testng-results>
